<!DOCTYPE html PUBLIC "-//W3C//DTD XHTML 1.1//EN" "https://www.w3.org/TR/xhtml11/DTD/xhtml11.dtd">
<html xmlns="https://www.w3.org/1999/xhtml">
<head>
<meta http-equiv="content-type" content="text/html; charset=UTF-8"/>
<title>TestNG Report</title>
<style type="text/css">table {margin-bottom:10px;border-collapse:collapse;empty-cells:show}th,td {border:1px solid #009;padding:.25em .5em}th {vertical-align:bottom}td {vertical-align:top}table a {font-weight:bold}.stripe td {background-color: #E6EBF9}.num {text-align:right}.passedodd td {background-color: #3F3}.passedeven td {background-color: #0A0}.skippedodd td {background-color: #DDD}.skippedeven td {background-color: #CCC}.failedodd td,.attn {background-color: #F33}.failedeven td,.stripe .attn {background-color: #D00}.stacktrace {white-space:pre;font-family:monospace}.totop {font-size:85%;text-align:center;border-bottom:2px solid #000}.invisible {display:none}</style>
</head>
<body>
<table>
<tr><th>Test</th><th># Passed</th><th># Skipped</th><th># Retried</th><th># Failed</th><th>Time (ms)</th><th>Included Groups</th><th>Excluded Groups</th></tr>
<tr><th colspan="8">Master</th></tr>
<tr><td><a href="#t0">Master</a></td><td class="num">8</td><td class="num attn">1</td><td class="num">0</td><td class="num">0</td><td class="num">295,102</td><td></td><td></td></tr>
</table>
<table id='summary'><thead><tr><th>Class</th><th>Method</th><th>Start</th><th>Time (ms)</th></tr></thead><tbody><tr><th colspan="4">Master</th></tr></tbody><tbody id="t0"><tr><th colspan="4">Master &#8212; failed (configuration methods)</th></tr><tr class="failedeven"><td rowspan="1">com.parabank.tests.TC009_VerifyCaseSensitivityInLoginTest</td><td><a href="#m0">setup</a></td><td rowspan="1">1747556099584</td><td rowspan="1">184806</td></tr><tr><th colspan="4">Master &#8212; skipped (configuration methods)</th></tr><tr class="skippedeven"><td rowspan="1">com.parabank.tests.TC009_VerifyCaseSensitivityInLoginTest</td><td><a href="#m1">tearDown</a></td><td rowspan="1">1747556284436</td><td rowspan="1">-1747556284436</td></tr><tr><th colspan="4">Master &#8212; skipped</th></tr><tr class="skippedeven"><td rowspan="1">com.parabank.tests.TC009_VerifyCaseSensitivityInLoginTest</td><td><a href="#m2">VerifyCaseSensitivityInLoginTest</a></td><td rowspan="1">1747556284407</td><td rowspan="1">0</td></tr><tr><th colspan="4">Master &#8212; passed</th></tr><tr class="passedeven"><td rowspan="1">com.parabank.tests.TC001_VerifyLogoTest</td><td><a href="#m3">Verify_Logo</a></td><td rowspan="1">1747556002647</td><td rowspan="1">403</td></tr><tr class="passedodd"><td rowspan="1">com.parabank.tests.TC002_RegistrationOfNewUserTest</td><td><a href="#m4">Registration_of_new_user</a></td><td rowspan="1">1747556011805</td><td rowspan="1">4284</td></tr><tr class="passedeven"><td rowspan="1">com.parabank.tests.TC003_UserLoginWithValidCredentialsTest</td><td><a href="#m5">User_login_with_valid_credentials</a></td><td rowspan="1">1747556023823</td><td rowspan="1">2463</td></tr><tr class="passedodd"><td rowspan="1">com.parabank.tests.TC004_VerifyLoginFailureWithEmptyUsernameTest</td><td><a href="#m6">Verify_login_failure_with_empty_username</a></td><td rowspan="1">1747556034098</td><td rowspan="1">1171</td></tr><tr class="passedeven"><td rowspan="1">com.parabank.tests.TC005_VerifyLoginFailureWithIncorrectPasswordTest</td><td><a href="#m7">Verify_login_failure_with_incorrect_password</a></td><td rowspan="1">1747556047695</td><td rowspan="1">2242</td></tr><tr class="passedodd"><td rowspan="1">com.parabank.tests.TC006_VerifyAccountBalanceDisplayAfterLoginTest</td><td><a href="#m8">Verify_account_balance_display_after_login</a></td><td rowspan="1">1747556061712</td><td rowspan="1">3437</td></tr><tr class="passedeven"><td rowspan="1">com.parabank.tests.TC007_VerifySuccessfulLogoutTest</td><td><a href="#m9">Verify_successful_logout</a></td><td rowspan="1">1747556079098</td><td rowspan="1">4218</td></tr><tr class="passedodd"><td rowspan="1">com.parabank.tests.TC008_VerifyLoginWithBlankFieldsTest</td><td><a href="#m10">VerifyLoginWithBlankFieldsTest</a></td><td rowspan="1">1747556096133</td><td rowspan="1">2142</td></tr></tbody>
</table>
<h2>Master</h2><h3 id="m0">com.parabank.tests.TC009_VerifyCaseSensitivityInLoginTest#setup</h3><table class="result"><tr class="param"><th>Parameter #1</th><th>Parameter #2</th></tr><tr class="param stripe"><td>windows</td><td>chrome</td></tr><tr><th colspan="2">Exception</th></tr><tr><td colspan="2"><div class="stacktrace">org.openqa.selenium.TimeoutException: java.util.concurrent.TimeoutException
Build info: version: &apos;4.23.1&apos;, revision: &apos;656257d8e9&apos;
System info: os.name: &apos;Windows 10&apos;, os.arch: &apos;amd64&apos;, os.version: &apos;10.0&apos;, java.version: &apos;21.0.3&apos;
Driver info: org.openqa.selenium.chrome.ChromeDriver
Command: [11846a956cbcd1aca839e84b2fb246aa, maximizeCurrentWindow {}]
Capabilities {acceptInsecureCerts: false, browserName: chrome, browserVersion: 136.0.7103.94, chrome: {chromedriverVersion: 136.0.7103.94 (fa0be0b33deb..., userDataDir: C:\Users\omsai\AppData\Loca...}, fedcm:accounts: true, goog:chromeOptions: {debuggerAddress: localhost:53167}, networkConnectionEnabled: false, pageLoadStrategy: normal, platformName: windows, proxy: Proxy(), se:cdp: ws://localhost:53167/devtoo..., se:cdpVersion: 136.0.7103.94, setWindowRect: true, strictFileInteractability: false, timeouts: {implicit: 0, pageLoad: 300000, script: 30000}, unhandledPromptBehavior: dismiss and notify, webauthn:extension:credBlob: true, webauthn:extension:largeBlob: true, webauthn:extension:minPinLength: true, webauthn:extension:prf: true, webauthn:virtualAuthenticators: true}
Session ID: 11846a956cbcd1aca839e84b2fb246aa
	at org.openqa.selenium.remote.http.jdk.JdkHttpClient.execute0(JdkHttpClient.java:418)
	at org.openqa.selenium.remote.http.AddSeleniumUserAgent.lambda$apply$0(AddSeleniumUserAgent.java:42)
	at org.openqa.selenium.remote.http.Filter.lambda$andFinally$1(Filter.java:55)
	at org.openqa.selenium.remote.http.jdk.JdkHttpClient.execute(JdkHttpClient.java:374)
	at org.openqa.selenium.remote.HttpCommandExecutor.execute(HttpCommandExecutor.java:187)
	at org.openqa.selenium.remote.service.DriverCommandExecutor.invokeExecute(DriverCommandExecutor.java:216)
	at org.openqa.selenium.remote.service.DriverCommandExecutor.execute(DriverCommandExecutor.java:174)
	at org.openqa.selenium.remote.RemoteWebDriver.execute(RemoteWebDriver.java:545)
	at org.openqa.selenium.remote.RemoteWebDriver.execute(RemoteWebDriver.java:618)
	at org.openqa.selenium.remote.RemoteWebDriver.execute(RemoteWebDriver.java:622)
	at org.openqa.selenium.remote.RemoteWebDriver$RemoteWebDriverOptions$RemoteWindow.maximize(RemoteWebDriver.java:1061)
	at com.parabank.tests.BaseClass.setup(BaseClass.java:114)
	at java.base/java.util.ArrayList.forEach(ArrayList.java:1596)
Caused by: java.util.concurrent.TimeoutException
	at java.base/java.util.concurrent.CompletableFuture.timedGet(CompletableFuture.java:1960)
	at java.base/java.util.concurrent.CompletableFuture.get(CompletableFuture.java:2095)
	at org.openqa.selenium.remote.http.jdk.JdkHttpClient.execute0(JdkHttpClient.java:401)
	... 35 more
... Removed 23 stack frames</div></td></tr></table><p class="totop"><a href="#summary">back to summary</a></p>
<h3 id="m1">com.parabank.tests.TC009_VerifyCaseSensitivityInLoginTest#tearDown</h3><table class="result"><tr><th class="invisible"/></tr></table><p class="totop"><a href="#summary">back to summary</a></p>
<h3 id="m2">com.parabank.tests.TC009_VerifyCaseSensitivityInLoginTest#VerifyCaseSensitivityInLoginTest</h3><table class="result"><tr><th>Exception</th></tr><tr><td><div class="stacktrace">org.openqa.selenium.TimeoutException: java.util.concurrent.TimeoutException
Build info: version: &apos;4.23.1&apos;, revision: &apos;656257d8e9&apos;
System info: os.name: &apos;Windows 10&apos;, os.arch: &apos;amd64&apos;, os.version: &apos;10.0&apos;, java.version: &apos;21.0.3&apos;
Driver info: org.openqa.selenium.chrome.ChromeDriver
Command: [11846a956cbcd1aca839e84b2fb246aa, maximizeCurrentWindow {}]
Capabilities {acceptInsecureCerts: false, browserName: chrome, browserVersion: 136.0.7103.94, chrome: {chromedriverVersion: 136.0.7103.94 (fa0be0b33deb..., userDataDir: C:\Users\omsai\AppData\Loca...}, fedcm:accounts: true, goog:chromeOptions: {debuggerAddress: localhost:53167}, networkConnectionEnabled: false, pageLoadStrategy: normal, platformName: windows, proxy: Proxy(), se:cdp: ws://localhost:53167/devtoo..., se:cdpVersion: 136.0.7103.94, setWindowRect: true, strictFileInteractability: false, timeouts: {implicit: 0, pageLoad: 300000, script: 30000}, unhandledPromptBehavior: dismiss and notify, webauthn:extension:credBlob: true, webauthn:extension:largeBlob: true, webauthn:extension:minPinLength: true, webauthn:extension:prf: true, webauthn:virtualAuthenticators: true}
Session ID: 11846a956cbcd1aca839e84b2fb246aa
	at org.openqa.selenium.remote.http.jdk.JdkHttpClient.execute0(JdkHttpClient.java:418)
	at org.openqa.selenium.remote.http.AddSeleniumUserAgent.lambda$apply$0(AddSeleniumUserAgent.java:42)
	at org.openqa.selenium.remote.http.Filter.lambda$andFinally$1(Filter.java:55)
	at org.openqa.selenium.remote.http.jdk.JdkHttpClient.execute(JdkHttpClient.java:374)
	at org.openqa.selenium.remote.HttpCommandExecutor.execute(HttpCommandExecutor.java:187)
	at org.openqa.selenium.remote.service.DriverCommandExecutor.invokeExecute(DriverCommandExecutor.java:216)
	at org.openqa.selenium.remote.service.DriverCommandExecutor.execute(DriverCommandExecutor.java:174)
	at org.openqa.selenium.remote.RemoteWebDriver.execute(RemoteWebDriver.java:545)
	at org.openqa.selenium.remote.RemoteWebDriver.execute(RemoteWebDriver.java:618)
	at org.openqa.selenium.remote.RemoteWebDriver.execute(RemoteWebDriver.java:622)
	at org.openqa.selenium.remote.RemoteWebDriver$RemoteWebDriverOptions$RemoteWindow.maximize(RemoteWebDriver.java:1061)
	at com.parabank.tests.BaseClass.setup(BaseClass.java:114)
	at java.base/java.util.ArrayList.forEach(ArrayList.java:1596)
Caused by: java.util.concurrent.TimeoutException
	at java.base/java.util.concurrent.CompletableFuture.timedGet(CompletableFuture.java:1960)
	at java.base/java.util.concurrent.CompletableFuture.get(CompletableFuture.java:2095)
	at org.openqa.selenium.remote.http.jdk.JdkHttpClient.execute0(JdkHttpClient.java:401)
	... 35 more
... Removed 23 stack frames</div></td></tr></table><p class="totop"><a href="#summary">back to summary</a></p>
<h3 id="m3">com.parabank.tests.TC001_VerifyLogoTest#Verify_Logo</h3><table class="result"><tr><th class="invisible"/></tr></table><p class="totop"><a href="#summary">back to summary</a></p>
<h3 id="m4">com.parabank.tests.TC002_RegistrationOfNewUserTest#Registration_of_new_user</h3><table class="result"><tr><th class="invisible"/></tr></table><p class="totop"><a href="#summary">back to summary</a></p>
<h3 id="m5">com.parabank.tests.TC003_UserLoginWithValidCredentialsTest#User_login_with_valid_credentials</h3><table class="result"><tr><th class="invisible"/></tr></table><p class="totop"><a href="#summary">back to summary</a></p>
<h3 id="m6">com.parabank.tests.TC004_VerifyLoginFailureWithEmptyUsernameTest#Verify_login_failure_with_empty_username</h3><table class="result"><tr><th class="invisible"/></tr></table><p class="totop"><a href="#summary">back to summary</a></p>
<h3 id="m7">com.parabank.tests.TC005_VerifyLoginFailureWithIncorrectPasswordTest#Verify_login_failure_with_incorrect_password</h3><table class="result"><tr><th class="invisible"/></tr></table><p class="totop"><a href="#summary">back to summary</a></p>
<h3 id="m8">com.parabank.tests.TC006_VerifyAccountBalanceDisplayAfterLoginTest#Verify_account_balance_display_after_login</h3><table class="result"><tr><th class="invisible"/></tr></table><p class="totop"><a href="#summary">back to summary</a></p>
<h3 id="m9">com.parabank.tests.TC007_VerifySuccessfulLogoutTest#Verify_successful_logout</h3><table class="result"><tr><th class="invisible"/></tr></table><p class="totop"><a href="#summary">back to summary</a></p>
<h3 id="m10">com.parabank.tests.TC008_VerifyLoginWithBlankFieldsTest#VerifyLoginWithBlankFieldsTest</h3><table class="result"><tr><th class="invisible"/></tr></table><p class="totop"><a href="#summary">back to summary</a></p>
</body>
</html>
