<?xml version="1.0" encoding="UTF-8"?>
<!-- Generated by org.testng.reporters.JUnitXMLReporter -->
<testsuite ignored="8" hostname="DESKTOP-IP7TE20" failures="2" tests="2" name="Master" time="1.04" errors="0" timestamp="2025-05-18T14:14:00 IST">
  <testcase classname="com.parabank.tests.TC002_RegistrationOfNewUserTest" name="Registration_of_new_user" time="0.138">
    <failure type="java.lang.NullPointerException" message="Cannot invoke &amp;quot;org.openqa.selenium.support.ui.WebDriverWait.until(java.util.function.Function)&amp;quot; because &amp;quot;this.wait&amp;quot; is null">
      <![CDATA[java.lang.NullPointerException: Cannot invoke "org.openqa.selenium.support.ui.WebDriverWait.until(java.util.function.Function)" because "this.wait" is null
at com.parabank.tests.BaseClass.waitForElementToBeVisible(BaseClass.java:144)
at com.parabank.tests.TC002_RegistrationOfNewUserTest.Registration_of_new_user(TC002_RegistrationOfNewUserTest.java:16)
at java.base/java.util.ArrayList.forEach(ArrayList.java:1596)
... Removed 25 stack frames]]>
    </failure>
  </testcase> <!-- Registration_of_new_user -->
  <testcase classname="com.parabank.tests.TC002_RegistrationOfNewUserTest" name="Registration_of_new_user" time="0.223">
    <failure type="java.lang.NullPointerException" message="Cannot invoke &amp;quot;org.openqa.selenium.TakesScreenshot.getScreenshotAs(org.openqa.selenium.OutputType)&amp;quot; because &amp;quot;takesScreenshot&amp;quot; is null">
      <![CDATA[java.lang.NullPointerException: Cannot invoke "org.openqa.selenium.TakesScreenshot.getScreenshotAs(org.openqa.selenium.OutputType)" because "takesScreenshot" is null
at com.parabank.tests.BaseClass.captureScreen(BaseClass.java:123)
at com.parabank.utils.ExtentReportManager.onTestFailure(ExtentReportManager.java:64)
at java.base/java.util.ArrayList.forEach(ArrayList.java:1596)
... Removed 24 stack frames]]>
    </failure>
  </testcase> <!-- Registration_of_new_user -->
  <testcase classname="com.parabank.tests.TC001_VerifyLogoTest" name="Verify_Logo" time="0.0">
    <ignored/>
  </testcase> <!-- Verify_Logo -->
  <testcase classname="com.parabank.tests.TC007_VerifySuccessfulLogoutTest" name="Verify_successful_logout" time="0.0">
    <ignored/>
  </testcase> <!-- Verify_successful_logout -->
  <testcase classname="com.parabank.tests.TC005_VerifyLoginFailureWithIncorrectPasswordTest" name="Verify_login_failure_with_incorrect_password" time="0.0">
    <ignored/>
  </testcase> <!-- Verify_login_failure_with_incorrect_password -->
  <testcase classname="com.parabank.tests.TC004_VerifyLoginFailureWithEmptyUsernameTest" name="Verify_login_failure_with_empty_username" time="0.0">
    <ignored/>
  </testcase> <!-- Verify_login_failure_with_empty_username -->
  <testcase classname="com.parabank.tests.TC008_VerifyLoginWithBlankFieldsTest" name="VerifyLoginWithBlankFieldsTest" time="0.0">
    <ignored/>
  </testcase> <!-- VerifyLoginWithBlankFieldsTest -->
  <testcase classname="com.parabank.tests.TC009_VerifyCaseSensitivityInLoginTest" name="VerifyCaseSensitivityInLoginTest" time="0.0">
    <ignored/>
  </testcase> <!-- VerifyCaseSensitivityInLoginTest -->
  <testcase classname="com.parabank.tests.TC003_UserLoginWithValidCredentialsTest" name="User_login_with_valid_credentials" time="0.0">
    <ignored/>
  </testcase> <!-- User_login_with_valid_credentials -->
  <testcase classname="com.parabank.tests.TC006_VerifyAccountBalanceDisplayAfterLoginTest" name="Verify_account_balance_display_after_login" time="0.0">
    <ignored/>
  </testcase> <!-- Verify_account_balance_display_after_login -->
</testsuite> <!-- Master -->
